[2026-04-05T14:18:13.192621]
<b>° Lab — Sunday, Apr 05 · Phase V0</b>

<b>📦 Still pending:</b>
  → HiLetgo BME680 sensor  $13.99
  → BOJACK breadboard + jumper wires bundle  $9.99
  → Perfume tester strips 250pc  $4.99
  → Moveland dropper pipettes 100pc  $5.99
  → MAXUS milligram scale 0.001g  $17.98
  → Velcro dots heavy duty  $6.00
  → Iso E Super 4ml  $6.00
  → Hedione 4ml  $6.00
  → Ambroxan 10% 4ml  $6.00
  → 1L wide mouth mason jar  Grocery/Walmart
  → M2 screw kit  Hardware store

<b>📋 V0 next up:</b>
  □ Order Amazon cart when paid
  □ Order Perfumer's Apprentice cart when paid
  □ Grab mason jar + M2 screws in store
  □ Enable I2C on Pi: sudo raspi-config
  □ Wire BME680 to breadboard when parts arrive
  □ Run first baseline session
  □ Confirm stable readings across 3 days

<i>⚡ Drift check before sampling · 3 replicates min · Purge 3min between samples</i>

